<?xml version="1.0" encoding="UTF-8"?>
<!-- Generated by org.testng.reporters.JUnitXMLReporter -->
<testsuite ignored="0" hostname="DESKTOP-L98MB0F" failures="0" tests="8" name="test case" time="0.42" errors="0" timestamp="2023-02-16T20:22:07 IST">
  <testcase classname="testngclass.mavenproject2.GroupsClass" name="htc1" time="0.033"/>
  <testcase classname="testngclass.mavenproject2.GroupsClass" name="htc21" time="0.024"/>
  <testcase classname="testngclass.mavenproject2.GroupsClass" name="oppo1" time="0.014"/>
  <testcase classname="testngclass.mavenproject2.GroupsClass" name="oppo2" time="0.007"/>
  <testcase classname="testngclass.mavenproject2.GroupsClass" name="redmi1" time="0.006"/>
  <testcase classname="testngclass.mavenproject2.GroupsClass" name="redmi2" time="0.013"/>
  <testcase classname="testngclass.mavenproject2.GroupsClass" name="vivo1" time="0.006"/>
  <testcase classname="testngclass.mavenproject2.GroupsClass" name="vivo2" time="0.008"/>
</testsuite> <!-- test case -->
