<?xml version="1.0" encoding="UTF-8"?>
<testng-results ignored="0" total="4" passed="4" failed="0" skipped="0">
  <reporter-output>
  </reporter-output>
  <suite started-at="2023-02-23T11:50:30 IST" name="Default suite" finished-at="2023-02-23T11:50:40 IST" duration-ms="10285">
    <groups>
    </groups>
    <test started-at="2023-02-23T11:50:30 IST" name="Default test" finished-at="2023-02-23T11:50:40 IST" duration-ms="10285">
      <class name="testngclass.mavenproject2.TestngBasics">
        <test-method signature="f()[pri:0, instance:testngclass.mavenproject2.TestngBasics@28f2a10f]" started-at="2023-02-23T11:50:30 IST" name="f" finished-at="2023-02-23T11:50:35 IST" duration-ms="5086" status="PASS">
          <reporter-output>
          </reporter-output>
        </test-method> <!-- f -->
        <test-method signature="f()[pri:0, instance:testngclass.mavenproject2.TestngBasics@28f2a10f]" started-at="2023-02-23T11:50:30 IST" name="f" finished-at="2023-02-23T11:50:35 IST" duration-ms="5044" status="PASS">
          <reporter-output>
          </reporter-output>
        </test-method> <!-- f -->
        <test-method signature="f()[pri:0, instance:testngclass.mavenproject2.TestngBasics@28f2a10f]" started-at="2023-02-23T11:50:30 IST" name="f" finished-at="2023-02-23T11:50:35 IST" duration-ms="5100" status="PASS">
          <reporter-output>
          </reporter-output>
        </test-method> <!-- f -->
        <test-method signature="f()[pri:0, instance:testngclass.mavenproject2.TestngBasics@28f2a10f]" started-at="2023-02-23T11:50:35 IST" name="f" finished-at="2023-02-23T11:50:40 IST" duration-ms="5015" status="PASS">
          <reporter-output>
          </reporter-output>
        </test-method> <!-- f -->
      </class> <!-- testngclass.mavenproject2.TestngBasics -->
    </test> <!-- Default test -->
  </suite> <!-- Default suite -->
</testng-results>
