<?xml version="1.0" encoding="UTF-8"?>
<testng-results ignored="2" total="7" passed="5" failed="0" skipped="0">
  <reporter-output>
  </reporter-output>
  <suite started-at="2023-02-15T19:29:09 IST" name="Default suite" finished-at="2023-02-15T19:29:09 IST" duration-ms="282">
    <groups>
    </groups>
    <test started-at="2023-02-15T19:29:09 IST" name="Default test" finished-at="2023-02-15T19:29:09 IST" duration-ms="282">
      <class name="maven.mavenproject2.PriorityKeywordAndSkipTestCase">
        <test-method signature="refresh()[pri:-2, instance:maven.mavenproject2.PriorityKeywordAndSkipTestCase@4a7f959b]" started-at="2023-02-15T19:29:09 IST" name="refresh" finished-at="2023-02-15T19:29:09 IST" duration-ms="29" status="PASS">
          <reporter-output>
          </reporter-output>
        </test-method> <!-- refresh -->
        <test-method signature="lapon()[pri:-1, instance:maven.mavenproject2.PriorityKeywordAndSkipTestCase@4a7f959b]" started-at="2023-02-15T19:29:09 IST" name="lapon" finished-at="2023-02-15T19:29:09 IST" duration-ms="5" status="PASS">
          <reporter-output>
          </reporter-output>
        </test-method> <!-- lapon -->
        <test-method signature="lapoff()[pri:0, instance:maven.mavenproject2.PriorityKeywordAndSkipTestCase@4a7f959b]" started-at="2023-02-15T19:29:09 IST" name="lapoff" finished-at="2023-02-15T19:29:09 IST" duration-ms="7" status="PASS">
          <reporter-output>
          </reporter-output>
        </test-method> <!-- lapoff -->
        <test-method signature="lapopen()[pri:0, instance:maven.mavenproject2.PriorityKeywordAndSkipTestCase@4a7f959b]" started-at="2023-02-15T19:29:09 IST" name="lapopen" finished-at="2023-02-15T19:29:09 IST" duration-ms="7" status="PASS">
          <reporter-output>
          </reporter-output>
        </test-method> <!-- lapopen -->
        <test-method signature="workStart()[pri:1, instance:maven.mavenproject2.PriorityKeywordAndSkipTestCase@4a7f959b]" started-at="2023-02-15T19:29:09 IST" name="workStart" finished-at="2023-02-15T19:29:09 IST" duration-ms="7" status="PASS">
          <reporter-output>
          </reporter-output>
        </test-method> <!-- workStart -->
      </class> <!-- maven.mavenproject2.PriorityKeywordAndSkipTestCase -->
    </test> <!-- Default test -->
  </suite> <!-- Default suite -->
</testng-results>
