<?xml version="1.0" encoding="UTF-8"?>
<testng-results ignored="0" total="1" passed="1" failed="0" skipped="0">
  <reporter-output>
  </reporter-output>
  <suite started-at="2023-02-22T02:15:53 IST" name="Default suite" finished-at="2023-02-22T02:16:05 IST" duration-ms="11113">
    <groups>
    </groups>
    <test started-at="2023-02-22T02:15:53 IST" name="Default test" finished-at="2023-02-22T02:16:05 IST" duration-ms="11113">
      <class name="org.testleaf.Test.TC003Alert">
        <test-method is-config="true" signature="startBrowser()[pri:0, instance:org.testleaf.Test.TC003Alert@67f639d3]" started-at="2023-02-22T02:14:26 IST" name="startBrowser" finished-at="2023-02-22T02:15:53 IST" duration-ms="86946" status="PASS">
          <reporter-output>
          </reporter-output>
        </test-method> <!-- startBrowser -->
        <test-method signature="alertType()[pri:0, instance:org.testleaf.Test.TC003Alert@67f639d3]" started-at="2023-02-22T02:15:54 IST" name="alertType" finished-at="2023-02-22T02:16:04 IST" duration-ms="10639" status="PASS">
          <reporter-output>
          </reporter-output>
        </test-method> <!-- alertType -->
        <test-method is-config="true" signature="closeBrowser()[pri:0, instance:org.testleaf.Test.TC003Alert@67f639d3]" started-at="2023-02-22T02:16:05 IST" name="closeBrowser" finished-at="2023-02-22T02:16:05 IST" duration-ms="1" status="PASS">
          <reporter-output>
          </reporter-output>
        </test-method> <!-- closeBrowser -->
      </class> <!-- org.testleaf.Test.TC003Alert -->
    </test> <!-- Default test -->
  </suite> <!-- Default suite -->
</testng-results>
