<?xml version="1.0" encoding="UTF-8"?>
<!-- Generated by org.testng.reporters.JUnitXMLReporter -->
<testsuite ignored="0" hostname="DESKTOP-L98MB0F" failures="0" tests="4" name="Test" time="55.656" errors="0" timestamp="2023-02-17T00:47:29 IST">
  <testcase classname="testngclass.mavenproject2.ParallelTesting" name="facebook" time="40.622"/>
  <testcase classname="testngclass.mavenproject2.ParallelTesting" name="demoqa" time="51.806"/>
  <testcase classname="testngclass.mavenproject2.ParallelTesting" name="google" time="53.554"/>
  <testcase classname="testngclass.mavenproject2.ParallelTesting" name="bing" time="55.479"/>
</testsuite> <!-- Test -->
