<?xml version="1.0" encoding="UTF-8"?>
<!-- Generated by org.testng.reporters.JUnitXMLReporter -->
<testsuite ignored="2" hostname="DESKTOP-L98MB0F" failures="1" tests="2" name="test2" time="0.096" errors="0" timestamp="2023-02-17T21:00:35 IST">
  <testcase classname="testngclass.mavenproject2.ListenerClass1" name="method3" time="0.038">
    <failure type="java.lang.AssertionError" message="expected [true] but found [false]">
      <![CDATA[java.lang.AssertionError: expected [true] but found [false]
at testngclass.mavenproject2.ListenerClass1.method3(ListenerClass1.java:24)
at java.base/java.util.ArrayList.forEach(ArrayList.java:1511)
... Removed 31 stack frames]]>
    </failure>
  </testcase> <!-- method3 -->
  <testcase classname="testngclass.mavenproject2.ListenerClass1" name="method4" time="0.001">
    <skipped/>
  </testcase> <!-- method4 -->
  <testcase classname="testngclass.mavenproject2.ListenerClass1" name="method2" time="0.0">
    <ignored/>
  </testcase> <!-- method2 -->
  <testcase classname="testngclass.mavenproject2.ListenerClass1" name="method1" time="0.0">
    <ignored/>
  </testcase> <!-- method1 -->
</testsuite> <!-- test2 -->
