<?xml version="1.0" encoding="UTF-8"?>
<!-- Generated by org.testng.reporters.JUnitXMLReporter -->
<testsuite ignored="2" hostname="DESKTOP-L98MB0F" failures="1" tests="2" name="test1" time="1.422" errors="0" timestamp="2023-02-17T21:00:35 IST">
  <testcase classname="testngclass.mavenproject2.ListenerClass1" name="method1" time="0.047"/>
  <testcase classname="testngclass.mavenproject2.ListenerClass1" name="method2" time="1.043">
    <failure type="org.testng.internal.thread.ThreadTimeoutException" message="Method testngclass.mavenproject2.ListenerClass1.method2() didn&amp;apos;t finish within the time-out 1000">
      <![CDATA[org.testng.internal.thread.ThreadTimeoutException: Method testngclass.mavenproject2.ListenerClass1.method2() didn't finish within the time-out 1000
at java.base/java.util.ArrayList.forEach(ArrayList.java:1511)
... Removed 24 stack frames]]>
    </failure>
  </testcase> <!-- method2 -->
  <testcase classname="testngclass.mavenproject2.ListenerClass1" name="method3" time="0.0">
    <ignored/>
  </testcase> <!-- method3 -->
  <testcase classname="testngclass.mavenproject2.ListenerClass1" name="method4" time="0.0">
    <ignored/>
  </testcase> <!-- method4 -->
</testsuite> <!-- test1 -->
