<?xml version="1.0" encoding="UTF-8"?>
<!-- Generated by org.testng.reporters.JUnitXMLReporter -->
<testsuite ignored="0" hostname="DESKTOP-L98MB0F" failures="0" tests="4" name="Default test" time="10.285" errors="0" timestamp="2023-02-23T11:50:41 IST">
  <testcase classname="testngclass.mavenproject2.TestngBasics" name="f" time="5.044"/>
  <testcase classname="testngclass.mavenproject2.TestngBasics" name="f" time="5.086"/>
  <testcase classname="testngclass.mavenproject2.TestngBasics" name="f" time="5.1"/>
  <testcase classname="testngclass.mavenproject2.TestngBasics" name="f" time="5.015"/>
</testsuite> <!-- Default test -->
