<?xml version="1.0" encoding="UTF-8"?>
<!-- Generated by org.testng.reporters.JUnitXMLReporter -->
<testsuite ignored="2" hostname="DESKTOP-L98MB0F" failures="0" tests="5" name="Default test" time="0.282" errors="0" timestamp="2023-02-15T19:29:09 IST">
  <testcase classname="maven.mavenproject2.PriorityKeywordAndSkipTestCase" name="refresh" time="0.029"/>
  <testcase classname="maven.mavenproject2.PriorityKeywordAndSkipTestCase" name="lapon" time="0.005"/>
  <testcase classname="maven.mavenproject2.PriorityKeywordAndSkipTestCase" name="lapoff" time="0.007"/>
  <testcase classname="maven.mavenproject2.PriorityKeywordAndSkipTestCase" name="lapopen" time="0.007"/>
  <testcase classname="maven.mavenproject2.PriorityKeywordAndSkipTestCase" name="workStart" time="0.007"/>
  <testcase classname="maven.mavenproject2.PriorityKeywordAndSkipTestCase" name="workInbetweenBreak" time="0.0">
    <ignored/>
  </testcase> <!-- workInbetweenBreak -->
  <testcase classname="maven.mavenproject2.PriorityKeywordAndSkipTestCase" name="workFinish" time="0.0">
    <ignored/>
  </testcase> <!-- workFinish -->
</testsuite> <!-- Default test -->
