<?xml version="1.0" encoding="UTF-8"?>
<testng-results ignored="0" total="1" passed="1" failed="0" skipped="0">
  <reporter-output>
  </reporter-output>
  <suite started-at="2023-02-20T19:02:32 IST" name="Default suite" finished-at="2023-02-20T19:03:16 IST" duration-ms="44958">
    <groups>
    </groups>
    <test started-at="2023-02-20T19:02:32 IST" name="Default test" finished-at="2023-02-20T19:03:16 IST" duration-ms="44958">
      <class name="org.testleaf.TestLeaf.TC001HomePage">
        <test-method signature="page()[pri:0, instance:org.testleaf.TestLeaf.TC001HomePage@4229bb3f]" started-at="2023-02-20T19:02:32 IST" name="page" finished-at="2023-02-20T19:03:16 IST" duration-ms="44743" status="PASS">
          <reporter-output>
          </reporter-output>
        </test-method> <!-- page -->
      </class> <!-- org.testleaf.TestLeaf.TC001HomePage -->
    </test> <!-- Default test -->
  </suite> <!-- Default suite -->
</testng-results>
